<?xml version="1.0" encoding="UTF-8"?>
<!-- Generated by org.testng.reporters.JUnitXMLReporter -->
<testsuite ignored="0" hostname="md1ztsec" failures="0" tests="4" name="Default test" time="17.557" errors="0" timestamp="2020-11-22T09:42:13 IST">
  <testcase classname="com.qa.restCalls.GetPets" name="deletePet" time="4.922"/>
  <testcase classname="com.qa.restCalls.GetPets" name="get_availablePets" time="9.607"/>
  <testcase classname="com.qa.restCalls.GetPets" name="post_availablePet" time="1.585"/>
  <testcase classname="com.qa.restCalls.GetPets" name="put_updatePet" time="1.361"/>
</testsuite> <!-- Default test -->
