<?xml version="1.0" encoding="UTF-8"?>
<testng-results ignored="0" total="4" passed="4" failed="0" skipped="0">
  <reporter-output>
  </reporter-output>
  <suite started-at="2020-11-22T09:41:55 IST" name="Default suite" finished-at="2020-11-22T09:42:12 IST" duration-ms="17557">
    <groups>
    </groups>
    <test started-at="2020-11-22T09:41:55 IST" name="Default test" finished-at="2020-11-22T09:42:12 IST" duration-ms="17557">
      <class name="com.qa.restCalls.GetPets">
        <test-method signature="deletePet()[pri:0, instance:com.qa.restCalls.GetPets@623a8092]" started-at="2020-11-22T09:41:55 IST" name="deletePet" finished-at="2020-11-22T09:42:00 IST" duration-ms="4922" status="PASS">
          <reporter-output>
          </reporter-output>
        </test-method> <!-- deletePet -->
        <test-method signature="get_availablePets()[pri:0, instance:com.qa.restCalls.GetPets@623a8092]" started-at="2020-11-22T09:42:00 IST" name="get_availablePets" finished-at="2020-11-22T09:42:10 IST" duration-ms="9607" status="PASS">
          <reporter-output>
          </reporter-output>
        </test-method> <!-- get_availablePets -->
        <test-method signature="post_availablePet()[pri:0, instance:com.qa.restCalls.GetPets@623a8092]" started-at="2020-11-22T09:42:10 IST" name="post_availablePet" finished-at="2020-11-22T09:42:11 IST" duration-ms="1585" status="PASS">
          <reporter-output>
          </reporter-output>
        </test-method> <!-- post_availablePet -->
        <test-method signature="put_updatePet()[pri:0, instance:com.qa.restCalls.GetPets@623a8092]" started-at="2020-11-22T09:42:11 IST" name="put_updatePet" finished-at="2020-11-22T09:42:12 IST" duration-ms="1361" status="PASS">
          <reporter-output>
          </reporter-output>
        </test-method> <!-- put_updatePet -->
      </class> <!-- com.qa.restCalls.GetPets -->
    </test> <!-- Default test -->
  </suite> <!-- Default suite -->
</testng-results>
